2021-07-20 15:04:25.133 [main] DEBUG c.s.w.a.permission.service.UsersServiceTest - Running with Spring Boot v2.3.0.RELEASE, Spring v5.2.6.RELEASE
2021-07-20 15:04:29.237 [main] DEBUG c.s.w.a.p.mapper.PermissionsMapper.selectList - ==>  Preparing: SELECT id,parent_id,name,url,type,status,sort,created_on,changed_on,created_by,changed_by FROM permissions WHERE (type = ?) 
2021-07-20 15:04:29.262 [main] DEBUG c.s.w.a.p.mapper.PermissionsMapper.selectList - ==> Parameters: 2(Integer)
2021-07-20 15:04:29.281 [main] DEBUG c.s.w.a.p.mapper.PermissionsMapper.selectList - <==      Total: 0
2021-07-20 15:04:32.060 [main] DEBUG c.s.w.a.permission.mapper.UsersMapper.selectList - ==>  Preparing: SELECT id,username,password,employee_no,phone,department,name,status,locking_time,fail_login_count,created_on,changed_on,created_by,changed_by FROM users WHERE (username = ?) 
2021-07-20 15:04:32.062 [main] DEBUG c.s.w.a.permission.mapper.UsersMapper.selectList - ==> Parameters: zl(String)
2021-07-20 15:04:32.067 [main] DEBUG c.s.w.a.permission.mapper.UsersMapper.selectList - <==      Total: 1
2021-07-20 15:04:32.070 [main] DEBUG c.s.w.a.p.m.PermissionsMapper.getPermissionsList - ==>  Preparing: SELECT b.id id, b.url url, b.`name` `name`, b.parent_id parent_id, b.type type FROM user_permission_relation a LEFT JOIN permissions b ON a.permission_id = b.id WHERE a.user_id = ? AND b.`status` = 1 AND b.id IS NOT NULL ORDER BY b.sort 
2021-07-20 15:04:32.071 [main] DEBUG c.s.w.a.p.m.PermissionsMapper.getPermissionsList - ==> Parameters: 9(Integer)
2021-07-20 15:04:32.074 [main] DEBUG c.s.w.a.p.m.PermissionsMapper.getPermissionsList - <==      Total: 0
2021-07-20 15:10:07.827 [main] DEBUG c.s.w.a.permission.service.UsersServiceTest - Running with Spring Boot v2.3.0.RELEASE, Spring v5.2.6.RELEASE
2021-07-20 15:10:11.591 [main] DEBUG c.s.w.a.p.mapper.PermissionsMapper.selectList - ==>  Preparing: SELECT id,parent_id,name,url,type,status,sort,created_on,changed_on,created_by,changed_by FROM permissions WHERE (type = ?) 
2021-07-20 15:10:11.619 [main] DEBUG c.s.w.a.p.mapper.PermissionsMapper.selectList - ==> Parameters: 2(Integer)
2021-07-20 15:10:11.647 [main] DEBUG c.s.w.a.p.mapper.PermissionsMapper.selectList - <==      Total: 0
2021-07-20 15:10:14.614 [main] DEBUG c.s.w.a.permission.mapper.UsersMapper.selectList - ==>  Preparing: SELECT id,username,password,employee_no,phone,department,name,status,locking_time,fail_login_count,created_on,changed_on,created_by,changed_by FROM users WHERE (username = ?) 
2021-07-20 15:10:14.616 [main] DEBUG c.s.w.a.permission.mapper.UsersMapper.selectList - ==> Parameters: zl(String)
2021-07-20 15:10:14.620 [main] DEBUG c.s.w.a.permission.mapper.UsersMapper.selectList - <==      Total: 1
2021-07-20 15:10:14.623 [main] DEBUG c.s.w.a.p.m.PermissionsMapper.getPermissionsList - ==>  Preparing: SELECT b.id id, b.url url, b.`name` `name`, b.parent_id parent_id, b.type type FROM user_permission_relation a LEFT JOIN permissions b ON a.permission_id = b.id WHERE a.user_id = ? AND b.`status` = 1 AND b.id IS NOT NULL ORDER BY b.sort 
2021-07-20 15:10:14.624 [main] DEBUG c.s.w.a.p.m.PermissionsMapper.getPermissionsList - ==> Parameters: 9(Integer)
2021-07-20 15:10:14.626 [main] DEBUG c.s.w.a.p.m.PermissionsMapper.getPermissionsList - <==      Total: 0
2021-07-20 15:11:56.615 [main] DEBUG c.s.w.a.permission.service.UsersServiceTest - Running with Spring Boot v2.3.0.RELEASE, Spring v5.2.6.RELEASE
2021-07-20 15:12:01.076 [main] DEBUG c.s.w.a.p.mapper.PermissionsMapper.selectList - ==>  Preparing: SELECT id,parent_id,name,url,type,status,sort,created_on,changed_on,created_by,changed_by FROM permissions WHERE (type = ?) 
2021-07-20 15:12:01.102 [main] DEBUG c.s.w.a.p.mapper.PermissionsMapper.selectList - ==> Parameters: 2(Integer)
2021-07-20 15:12:01.121 [main] DEBUG c.s.w.a.p.mapper.PermissionsMapper.selectList - <==      Total: 0
2021-07-20 15:12:04.721 [main] DEBUG c.s.w.a.permission.mapper.UsersMapper.selectList - ==>  Preparing: SELECT id,username,password,employee_no,phone,department,name,status,locking_time,fail_login_count,created_on,changed_on,created_by,changed_by FROM users WHERE (username = ?) 
2021-07-20 15:12:04.722 [main] DEBUG c.s.w.a.permission.mapper.UsersMapper.selectList - ==> Parameters: zl(String)
2021-07-20 15:12:04.726 [main] DEBUG c.s.w.a.permission.mapper.UsersMapper.selectList - <==      Total: 1
2021-07-20 15:12:04.729 [main] DEBUG c.s.w.a.p.m.PermissionsMapper.getPermissionsList - ==>  Preparing: SELECT b.id id, b.url url, b.`name` `name`, b.parent_id parent_id, b.type type FROM user_permission_relation a LEFT JOIN permissions b ON a.permission_id = b.id WHERE a.user_id = ? AND b.`status` = 1 AND b.id IS NOT NULL ORDER BY b.sort 
2021-07-20 15:12:04.730 [main] DEBUG c.s.w.a.p.m.PermissionsMapper.getPermissionsList - ==> Parameters: 9(Integer)
2021-07-20 15:12:04.731 [main] DEBUG c.s.w.a.p.m.PermissionsMapper.getPermissionsList - <==      Total: 0
